<?xml version="1.0" encoding="utf-8"?><testsuites name="pytest tests"><testsuite name="pytest" errors="0" failures="0" skipped="0" tests="235" time="12.060" timestamp="2026-09-10T03:28:06.355604+00:00" hostname="localhost"><testcase classname="tests.app.test_api" name="test_health_and_no_key_exposed" time="0.100" /><testcase classname="tests.app.test_api" name="test_invalid_name[]" time="0.022" /><testcase classname="tests.app.test_api" name="test_invalid_name[   ]" time="0.020" /><testcase classname="tests.app.test_api" name="test_extra_fields_rejected" time="0.018" /><testcase classname="tests.app.test_api" name="test_cross_origin_blocked" time="0.021" /><testcase classname="tests.app.test_api" name="test_header_required" time="0.019" /><testcase classname="tests.app.test_api" name="test_resumable_duplicate_and_corrupt_chunk" time="0.055" /><testcase classname="tests.app.test_api" name="test_upload_limit_and_basename" time="0.029" /><testcase classname="tests.app.test_api" name="test_chunk_limit" time="0.025" /><testcase classname="tests.app.test_api" name="test_abort" time="0.026" /><testcase classname="tests.app.test_api" name="test_empty_project_no_run" time="0.022" /><testcase classname="tests.app.test_api" name="test_one_active_project_and_pause" time="0.039" /><testcase classname="tests.app.test_api" name="test_mock_end_to_end_revision_and_export" time="1.344" /><testcase classname="tests.app.test_api" name="test_review_and_optimistic_lock" time="1.327" /><testcase classname="tests.app.test_api" name="test_edit_validates_evidence_and_keeps_meta" time="1.347" /><testcase classname="tests.app.test_api" name="test_real_text_not_faked_by_mock" time="0.666" /><testcase classname="tests.app.test_api" name="test_unsupported_not_silently_dropped" time="1.346" /><testcase classname="tests.app.test_api" name="test_export_formula_injection" time="0.015" /><testcase classname="tests.app.test_api" name="test_snapshot_does_not_expand" time="0.040" /><testcase classname="tests.app.test_gateway_budget" name="test_cheap_payload_and_cache" time="0.038" /><testcase classname="tests.app.test_gateway_budget" name="test_live_gate_no_http[change0]" time="0.031" /><testcase classname="tests.app.test_gateway_budget" name="test_live_gate_no_http[change1]" time="0.035" /><testcase classname="tests.app.test_gateway_budget" name="test_live_gate_no_http[change2]" time="0.031" /><testcase classname="tests.app.test_gateway_budget" name="test_live_gate_no_http[change3]" time="0.031" /><testcase classname="tests.app.test_gateway_budget" name="test_live_gate_no_http[change4]" time="0.046" /><testcase classname="tests.app.test_gateway_budget" name="test_live_gate_no_http[change5]" time="0.031" /><testcase classname="tests.app.test_gateway_budget" name="test_budget_blocks_before_http" time="0.032" /><testcase classname="tests.app.test_gateway_budget" name="test_timeout_no_retry_retains_reservation" time="0.035" /><testcase classname="tests.app.test_gateway_budget" name="test_invalid_response_not_published[no_usage]" time="0.032" /><testcase classname="tests.app.test_gateway_budget" name="test_invalid_response_not_published[truncated]" time="0.033" /><testcase classname="tests.app.test_gateway_budget" name="test_invalid_response_not_published[bad_json]" time="0.034" /><testcase classname="tests.app.test_gateway_budget" name="test_invalid_response_not_published[invented_evidence]" time="0.035" /><testcase classname="tests.app.test_gateway_budget" name="test_invalid_response_not_published[extra_review_field]" time="0.033" /><testcase classname="tests.app.test_gateway_budget" name="test_persistent_budget_and_settlement_idempotency" time="0.032" /><testcase classname="tests.app.test_gateway_budget" name="test_budget_race_only_one_large_reservation" time="0.047" /><testcase classname="tests.app.test_gateway_budget" name="test_overage_freezes_account" time="0.033" /><testcase classname="tests.app.test_gateway_budget" name="test_deadline_stops_new_billable_work" time="0.030" /><testcase classname="tests.app.test_gateway_budget" name="test_property_without_evidence_is_rejected" time="0.035" /><testcase classname="tests.app.test_gateway_budget" name="test_unexpected_reasoning_pauses_after_accounting" time="0.034" /><testcase classname="tests.app.test_local_entry" name="test_mock_ignores_env_and_does_not_read_dotenv" time="0.001" /><testcase classname="tests.app.test_local_entry" name="test_live_requires_complete_configuration" time="0.001" /><testcase classname="tests.app.test_local_entry" name="test_live_uses_existing_config_but_binds_local" time="0.001" /><testcase classname="tests.app.test_local_entry" name="test_invalid_ports[0]" time="0.000" /><testcase classname="tests.app.test_local_entry" name="test_invalid_ports[80]" time="0.000" /><testcase classname="tests.app.test_local_entry" name="test_invalid_ports[1023]" time="0.000" /><testcase classname="tests.app.test_local_entry" name="test_invalid_ports[65536]" time="0.000" /><testcase classname="tests.app.test_local_entry" name="test_invalid_ports[-1]" time="0.000" /><testcase classname="tests.app.test_local_entry" name="test_port_busy_never_terminates_owner" time="0.000" /><testcase classname="tests.app.test_local_entry" name="test_local_command_safe_defaults" time="0.000" /><testcase classname="tests.app.test_local_entry" name="test_remote_command_uses_separate_port" time="0.000" /><testcase classname="tests.app.test_local_entry" name="test_bad_combination_rejected_before_install[kw0]" time="0.000" /><testcase classname="tests.app.test_local_entry" name="test_bad_combination_rejected_before_install[kw1]" time="0.000" /><testcase classname="tests.app.test_local_entry" name="test_bad_combination_rejected_before_install[kw2]" time="0.000" /><testcase classname="tests.app.test_local_entry" name="test_no_implicit_install_in_current_env" time="0.001" /><testcase classname="tests.app.test_local_entry" name="test_install_failure_not_marked_success" time="0.001" /><testcase classname="tests.app.test_local_entry" name="test_unchanged_install_skips_pip" time="0.001" /><testcase classname="tests.app.test_local_entry" name="test_default_root_relative_to_script_not_working_directory" time="0.001" /><testcase classname="tests.app.test_parsers" name="test_revision_only_internal[Revision Date: 2026-08-01-2026-08-01]" time="0.001" /><testcase classname="tests.app.test_parsers" name="test_revision_only_internal[Upload Date: 2026-08-01-None]" time="0.000" /><testcase classname="tests.app.test_parsers" name="test_revision_only_internal[Revision Date: 2026-02-30-None]" time="0.000" /><testcase classname="tests.app.test_parsers" name="test_revision_only_internal[Revision Date: 2026-01-01\nRevision Date: 2026-02-01-None]" time="0.000" /><testcase classname="tests.app.test_parsers" name="test_revision_only_internal[\u4fee\u8ba2\u65e5\u671f\uff1a2026-07-02-2026-07-02]" time="0.000" /><testcase classname="tests.app.test_parsers" name="test_revision_only_internal[2026-08-01-None]" time="0.000" /><testcase classname="tests.app.test_parsers" name="test_txt_lines_and_encoding" time="0.002" /><testcase classname="tests.app.test_parsers" name="test_txt_long_no_drop" time="0.001" /><testcase classname="tests.app.test_parsers" name="test_docx_minimal" time="0.001" /><testcase classname="tests.app.test_parsers" name="test_docx_entity_rejected" time="0.001" /><testcase classname="tests.app.test_parsers" name="test_image_pending" time="0.006" /><testcase classname="tests.app.test_parsers" name="test_pdf_text_and_bbox" time="0.265" /><testcase classname="tests.app.test_remote_access" name="test_no_password_fails_closed" time="0.001" /><testcase classname="tests.app.test_remote_access" name="test_wildcard_fails_closed" time="0.001" /><testcase classname="tests.app.test_remote_access" name="test_paid_or_weak_origin_rejected[kwargs0]" time="0.001" /><testcase classname="tests.app.test_remote_access" name="test_paid_or_weak_origin_rejected[kwargs1]" time="0.001" /><testcase classname="tests.app.test_remote_access" name="test_paid_or_weak_origin_rejected[kwargs2]" time="0.001" /><testcase classname="tests.app.test_remote_access" name="test_all_paths_need_auth[/]" time="0.021" /><testcase classname="tests.app.test_remote_access" name="test_all_paths_need_auth[/assets/app.js]" time="0.019" /><testcase classname="tests.app.test_remote_access" name="test_all_paths_need_auth[/api/settings]" time="0.020" /><testcase classname="tests.app.test_remote_access" name="test_all_paths_need_auth[/api/projects]" time="0.020" /><testcase classname="tests.app.test_remote_access" name="test_all_paths_need_auth[/docs]" time="0.021" /><testcase classname="tests.app.test_remote_access" name="test_all_paths_need_auth[/openapi.json]" time="0.019" /><testcase classname="tests.app.test_remote_access" name="test_bad_auth[Bearer anything]" time="0.019" /><testcase classname="tests.app.test_remote_access" name="test_bad_auth[Basic $$$$]" time="0.020" /><testcase classname="tests.app.test_remote_access" name="test_bad_auth[Basic /w==]" time="0.020" /><testcase classname="tests.app.test_remote_access" name="test_bad_auth[Basic ZW5naW5lZXI6d3Jvbmc=]" time="0.018" /><testcase classname="tests.app.test_remote_access" name="test_valid_auth_and_no_secret_leak" time="0.020" /><testcase classname="tests.app.test_remote_access" name="test_origin_key_only_for_api" time="0.040" /><testcase classname="tests.app.test_remote_access" name="test_remote_csrf_and_host" time="0.022" /><testcase classname="tests.app.test_remote_access" name="test_invalid_auth_rate_limit_but_owner_can_enter" time="0.034" /><testcase classname="tests.app.test_remote_access" name="test_remote_demo_workflow" time="1.318" /><testcase classname="tests.app.test_remote_access" name="test_launcher_forces_mock" time="0.000" /><testcase classname="tests.app.test_remote_access" name="test_tunnel_url_validation" time="0.000" /><testcase classname="tests.app.test_remote_access" name="test_pages_build_contains_only_allowlist" time="0.001" /><testcase classname="tests.app.test_remote_access" name="test_fail_closed_api_configures_only_named_preview" time="0.001" /><testcase classname="tests.app.test_remote_access" name="test_fail_closed_noninteractive_without_credentials_stops" time="0.000" /><testcase classname="tests.app.test_remote_access" name="test_pages_sequence_and_no_secrets_in_assets" time="0.001" /><testcase classname="tests.app.test_remote_access" name="test_tunnel_host_rewrite_accepts_only_explicit_public_origin" time="0.022" /><testcase classname="tests.app.test_render_preview" name="test_invalid_host_rejected[]" time="0.001" /><testcase classname="tests.app.test_render_preview" name="test_invalid_host_rejected[*.onrender.com]" time="0.001" /><testcase classname="tests.app.test_render_preview" name="test_invalid_host_rejected[example.com]" time="0.001" /><testcase classname="tests.app.test_render_preview" name="test_invalid_host_rejected[x.onrender.com.evil.test]" time="0.000" /><testcase classname="tests.app.test_render_preview" name="test_invalid_host_rejected[https://x.onrender.com]" time="0.001" /><testcase classname="tests.app.test_render_preview" name="test_invalid_host_rejected[x.onrender.com:443]" time="0.001" /><testcase classname="tests.app.test_render_preview" name="test_invalid_host_rejected[x.onrender.com/path]" time="0.001" /><testcase classname="tests.app.test_render_preview" name="test_missing_or_weak_password_rejected[]" time="0.001" /><testcase classname="tests.app.test_render_preview" name="test_missing_or_weak_password_rejected[short]" time="0.001" /><testcase classname="tests.app.test_render_preview" name="test_no_production_settings_inherited" time="0.001" /><testcase classname="tests.app.test_render_preview" name="test_profile_invariants[change0]" time="0.001" /><testcase classname="tests.app.test_render_preview" name="test_profile_invariants[change1]" time="0.001" /><testcase classname="tests.app.test_render_preview" name="test_profile_invariants[change2]" time="0.001" /><testcase classname="tests.app.test_render_preview" name="test_profile_invariants[change3]" time="0.001" /><testcase classname="tests.app.test_render_preview" name="test_profile_invariants[change4]" time="0.001" /><testcase classname="tests.app.test_render_preview" name="test_public_health_only_and_host" time="0.024" /><testcase classname="tests.app.test_render_preview" name="test_local_does_not_gain_public_health" time="0.019" /><testcase classname="tests.app.test_render_preview" name="test_authenticated_demo_upload_limit_and_secret_safety" time="1.325" /><testcase classname="tests.app.test_render_preview" name="test_invalid_port[x]" time="0.000" /><testcase classname="tests.app.test_render_preview" name="test_invalid_port[-1]" time="0.000" /><testcase classname="tests.app.test_render_preview" name="test_invalid_port[0]" time="0.000" /><testcase classname="tests.app.test_render_preview" name="test_invalid_port[80]" time="0.000" /><testcase classname="tests.app.test_render_preview" name="test_invalid_port[65536]" time="0.000" /><testcase classname="tests.app.test_render_preview" name="test_invalid_port[18012]" time="0.000" /><testcase classname="tests.app.test_render_preview" name="test_invalid_port[18013]" time="0.000" /><testcase classname="tests.app.test_render_preview" name="test_invalid_port[19099]" time="0.000" /><testcase classname="tests.app.test_render_preview" name="test_port_defaults_and_boundaries" time="0.000" /><testcase classname="tests.app.test_render_preview" name="test_blueprint_only_explicit_free_service" time="0.001" /><testcase classname="tests.app.test_render_preview" name="test_ui_discloses_ephemeral_and_has_demo_links" time="0.000" /><testcase classname="tests.test_contracts" name="test_positive_examples[case0]" time="0.002" /><testcase classname="tests.test_contracts" name="test_positive_examples[case1]" time="0.002" /><testcase classname="tests.test_contracts" name="test_positive_examples[case2]" time="0.002" /><testcase classname="tests.test_contracts" name="test_positive_examples[case3]" time="0.001" /><testcase classname="tests.test_contracts" name="test_positive_examples[case4]" time="0.002" /><testcase classname="tests.test_contracts" name="test_positive_examples[case5]" time="0.001" /><testcase classname="tests.test_contracts" name="test_positive_examples[case6]" time="0.002" /><testcase classname="tests.test_contracts" name="test_positive_examples[case7]" time="0.001" /><testcase classname="tests.test_contracts" name="test_business_positive[material-material-item]" time="0.002" /><testcase classname="tests.test_contracts" name="test_business_positive[material-options-material-item]" time="0.002" /><testcase classname="tests.test_contracts" name="test_business_positive[inspection-inspection-item]" time="0.002" /><testcase classname="tests.test_contracts" name="test_business_positive[conflict-conflict-item]" time="0.001" /><testcase classname="tests.test_contracts" name="test_business_positive[missing-missing-information-item]" time="0.001" /><testcase classname="tests.test_contracts" name="test_confirmed_without_evidence_rejected[material-material-item]" time="0.001" /><testcase classname="tests.test_contracts" name="test_confirmed_without_evidence_rejected[inspection-inspection-item]" time="0.002" /><testcase classname="tests.test_contracts" name="test_model_cannot_write_server_fields[review_status-ACCEPTED]" time="0.002" /><testcase classname="tests.test_contracts" name="test_model_cannot_write_server_fields[analysis_run_id-FAKE]" time="0.002" /><testcase classname="tests.test_contracts" name="test_model_cannot_write_server_fields[model_id-fake]" time="0.003" /><testcase classname="tests.test_contracts" name="test_model_cannot_write_server_fields[meta-value3]" time="0.002" /><testcase classname="tests.test_contracts" name="test_conditional_without_condition_rejected" time="0.014" /><testcase classname="tests.test_contracts" name="test_inferred_requires_rule" time="0.003" /><testcase classname="tests.test_contracts" name="test_fabricated_evidence_rejected" time="0.002" /><testcase classname="tests.test_contracts" name="test_cross_scope_evidence_rejected[tenant_id]" time="0.002" /><testcase classname="tests.test_contracts" name="test_cross_scope_evidence_rejected[project_id]" time="0.003" /><testcase classname="tests.test_contracts" name="test_cross_scope_evidence_rejected[input_snapshot_id]" time="0.003" /><testcase classname="tests.test_contracts" name="test_options_not_automatically_selected" time="0.002" /><testcase classname="tests.test_contracts" name="test_one_of_cannot_select_multiple" time="0.002" /><testcase classname="tests.test_contracts" name="test_selected_id_must_exist" time="0.003" /><testcase classname="tests.test_contracts" name="test_selected_requires_document_selection" time="0.003" /><testcase classname="tests.test_contracts" name="test_option_fields_need_field_sources" time="0.002" /><testcase classname="tests.test_contracts" name="test_quantity_explicit_needs_no_scale" time="0.002" /><testcase classname="tests.test_contracts" name="test_geometric_quantity_needs_calibration_and_formula[VECTOR_TAKEOFF]" time="0.003" /><testcase classname="tests.test_contracts" name="test_geometric_quantity_needs_calibration_and_formula[CAD_MEASUREMENT]" time="0.003" /><testcase classname="tests.test_contracts" name="test_geometric_quantity_needs_calibration_and_formula[IMAGE_CALIBRATED]" time="0.003" /><testcase classname="tests.test_contracts" name="test_procurement_quantity_not_allowed" time="0.001" /><testcase classname="tests.test_contracts" name="test_temporary_quantity_not_requested" time="0.002" /><testcase classname="tests.test_contracts" name="test_qa_criteria_needs_specific_evidence" time="0.002" /><testcase classname="tests.test_contracts" name="test_nonblocking_missing_not_allowed" time="0.001" /><testcase classname="tests.test_contracts" name="test_latest_selected_cannot_be_old" time="0.001" /><testcase classname="tests.test_contracts" name="test_conflict_different_scope_not_allowed" time="0.002" /><testcase classname="tests.test_contracts" name="test_empty_extraction_must_explain" time="0.001" /><testcase classname="tests.test_contracts" name="test_server_wrapper_forces_pending" time="0.005" /><testcase classname="tests.test_contracts" name="test_accepted_record_needs_review_event_and_actor" time="0.001" /><testcase classname="tests.test_contracts" name="test_meta_requires_all_versions" time="0.001" /><testcase classname="tests.test_contracts" name="test_model_cannot_forge_revision_date" time="0.002" /><testcase classname="tests.test_contracts" name="test_inferred_status_does_not_allow_fabricated_design_values" time="0.002" /><testcase classname="tests.test_contracts" name="test_source_evidence_schemas" time="0.003" /><testcase classname="tests.test_devtools" name="test_context_pack_is_bounded_and_contains_only_selected_requirements" time="0.001" /><testcase classname="tests.test_devtools" name="test_context_rejects_path_traversal" time="0.000" /><testcase classname="tests.test_devtools" name="test_task_references_have_real_context_files" time="0.002" /><testcase classname="tests.test_devtools" name="test_codex_config_is_small_and_does_not_weaken_security" time="0.000" /><testcase classname="tests.test_governance" name="test_repository_spec_structure" time="0.079" /><testcase classname="tests.test_governance" name="test_rendered_requirements_are_current" time="0.001" /><testcase classname="tests.test_governance" name="test_all_legacy_ids_preserved" time="0.001" /><testcase classname="tests.test_governance" name="test_no_false_implementation_claims" time="0.001" /><testcase classname="tests.test_governance" name="test_prompts_are_real_text_files" time="0.000" /><testcase classname="tests.test_governance" name="test_paid_api_disabled" time="0.000" /><testcase classname="tests.test_governance" name="test_qa_not_inferred_from_assembly" time="0.000" /><testcase classname="tests.test_governance" name="test_yaml_templates_parse" time="0.002" /><testcase classname="tests.test_governance" name="test_change_without_record_fails" time="0.000" /><testcase classname="tests.test_governance" name="test_product_implementation_cannot_claim_spec_only" time="0.001" /><testcase classname="tests.test_governance" name="test_implementation_requires_test_diff_and_trace" time="0.000" /><testcase classname="tests.test_governance" name="test_unknown_requirement_fails" time="0.000" /><testcase classname="tests.test_governance" name="test_valid_spec_change_covers_paths" time="0.000" /><testcase classname="tests.test_policies" name="test_programmatic_zero_llm[hash]" time="0.000" /><testcase classname="tests.test_policies" name="test_programmatic_zero_llm[mime]" time="0.000" /><testcase classname="tests.test_policies" name="test_programmatic_zero_llm[unit_conversion]" time="0.001" /><testcase classname="tests.test_policies" name="test_programmatic_zero_llm[schema_validation]" time="0.000" /><testcase classname="tests.test_policies" name="test_programmatic_zero_llm[exact_identifier]" time="0.000" /><testcase classname="tests.test_policies" name="test_programmatic_zero_llm[quantity_sum]" time="0.000" /><testcase classname="tests.test_policies" name="test_programmatic_zero_llm[export]" time="0.000" /><testcase classname="tests.test_policies" name="test_programmatic_zero_llm[dedup_exact]" time="0.000" /><testcase classname="tests.test_policies" name="test_simple_tasks_nonthinking_flash[classify]" time="0.000" /><testcase classname="tests.test_policies" name="test_simple_tasks_nonthinking_flash[extract_joint]" time="0.000" /><testcase classname="tests.test_policies" name="test_simple_tasks_nonthinking_flash[normalize_ambiguous]" time="0.000" /><testcase classname="tests.test_policies" name="test_simple_tasks_nonthinking_flash[local_verify]" time="0.000" /><testcase classname="tests.test_policies" name="test_cheap_payload_explicitly_disables_thinking" time="0.001" /><testcase classname="tests.test_policies" name="test_missing_evidence_does_not_escalate" time="0.000" /><testcase classname="tests.test_policies" name="test_vision_not_sent_to_text_model" time="0.000" /><testcase classname="tests.test_policies" name="test_reasoning_low_not_automatic_high_model" time="0.000" /><testcase classname="tests.test_policies" name="test_high_model_disabled_even_if_requested" time="0.000" /><testcase classname="tests.test_policies" name="test_call_limit_stops_loop" time="0.000" /><testcase classname="tests.test_policies" name="test_unknown_task_no_autonomous_call" time="0.000" /><testcase classname="tests.test_policies" name="test_output_cap" time="0.000" /><testcase classname="tests.test_policies" name="test_budget_formula_total_output_not_double_count" time="0.000" /><testcase classname="tests.test_policies" name="test_budget_300_hard_dispatch_cap" time="0.000" /><testcase classname="tests.test_policies" name="test_settle_refunds_difference" time="0.000" /><testcase classname="tests.test_policies" name="test_unknown_charge_stays_reserved" time="0.000" /><testcase classname="tests.test_policies" name="test_confirmed_unbilled_can_release" time="0.000" /><testcase classname="tests.test_policies" name="test_idempotent_reserve_and_settle" time="0.000" /><testcase classname="tests.test_policies" name="test_actual_over_estimate_freezes_but_records" time="0.000" /><testcase classname="tests.test_policies" name="test_concurrent_reservations_do_not_oversubscribe" time="0.001" /><testcase classname="tests.test_policies" name="test_revision_uses_internal_date_not_upload" time="0.000" /><testcase classname="tests.test_policies" name="test_uncertain_revision_stays_unresolved[None]" time="0.000" /><testcase classname="tests.test_policies" name="test_uncertain_revision_stays_unresolved[invalid]" time="0.000" /><testcase classname="tests.test_policies" name="test_uncertain_revision_stays_unresolved[2026-01-01]" time="0.000" /><testcase classname="tests.test_policies" name="test_different_scope_not_superseded" time="0.000" /><testcase classname="tests.test_policies" name="test_rfi_question_not_new_requirement" time="0.000" /><testcase classname="tests.test_policies" name="test_revision_sequence_reversal_flagged" time="0.001" /><testcase classname="tests.test_policies" name="test_cache_requires_scope" time="0.000" /><testcase classname="tests.test_policies" name="test_cache_varies_with_scope_and_versions[tenant_id]" time="0.000" /><testcase classname="tests.test_policies" name="test_cache_varies_with_scope_and_versions[project_id]" time="0.001" /><testcase classname="tests.test_policies" name="test_cache_varies_with_scope_and_versions[input_snapshot_id]" time="0.000" /><testcase classname="tests.test_policies" name="test_cache_varies_with_scope_and_versions[prompt_version]" time="0.000" /><testcase classname="tests.test_policies" name="test_cache_varies_with_scope_and_versions[model_snapshot]" time="0.000" /><testcase classname="tests.test_policies" name="test_cache_varies_with_scope_and_versions[retrieval_version]" time="0.000" /><testcase classname="tests.test_policies" name="test_cache_varies_with_scope_and_versions[assembly_rule_version]" time="0.000" /><testcase classname="tests.test_policies" name="test_cache_varies_with_scope_and_versions[revision_policy_version]" time="0.000" /><testcase classname="tests.test_policies" name="test_multiple_views_same_instance_not_double_counted" time="0.000" /><testcase classname="tests.test_policies" name="test_instance_quantity_conflict_does_not_auto_sum" time="0.001" /></testsuite></testsuites>