<?xml version="1.0" encoding="utf-8"?><testsuites name="pytest tests"><testsuite name="pytest" errors="0" failures="0" skipped="0" tests="161" time="20.418" timestamp="2026-09-09T05:05:26.381480+00:00" hostname="localhost"><testcase classname="tests.app.test_api" name="test_health_and_no_key_exposed" time="0.242" /><testcase classname="tests.app.test_api" name="test_invalid_name[]" time="0.054" /><testcase classname="tests.app.test_api" name="test_invalid_name[   ]" time="0.050" /><testcase classname="tests.app.test_api" name="test_extra_fields_rejected" time="0.046" /><testcase classname="tests.app.test_api" name="test_cross_origin_blocked" time="0.060" /><testcase classname="tests.app.test_api" name="test_header_required" time="0.057" /><testcase classname="tests.app.test_api" name="test_resumable_duplicate_and_corrupt_chunk" time="0.124" /><testcase classname="tests.app.test_api" name="test_upload_limit_and_basename" time="0.070" /><testcase classname="tests.app.test_api" name="test_chunk_limit" time="0.064" /><testcase classname="tests.app.test_api" name="test_abort" time="0.055" /><testcase classname="tests.app.test_api" name="test_empty_project_no_run" time="0.045" /><testcase classname="tests.app.test_api" name="test_one_active_project_and_pause" time="0.088" /><testcase classname="tests.app.test_api" name="test_mock_end_to_end_revision_and_export" time="3.083" /><testcase classname="tests.app.test_api" name="test_review_and_optimistic_lock" time="3.013" /><testcase classname="tests.app.test_api" name="test_edit_validates_evidence_and_keeps_meta" time="2.929" /><testcase classname="tests.app.test_api" name="test_real_text_not_faked_by_mock" time="1.554" /><testcase classname="tests.app.test_api" name="test_unsupported_not_silently_dropped" time="2.939" /><testcase classname="tests.app.test_api" name="test_export_formula_injection" time="0.027" /><testcase classname="tests.app.test_api" name="test_snapshot_does_not_expand" time="0.091" /><testcase classname="tests.app.test_gateway_budget" name="test_cheap_payload_and_cache" time="0.078" /><testcase classname="tests.app.test_gateway_budget" name="test_live_gate_no_http[change0]" time="0.069" /><testcase classname="tests.app.test_gateway_budget" name="test_live_gate_no_http[change1]" time="0.073" /><testcase classname="tests.app.test_gateway_budget" name="test_live_gate_no_http[change2]" time="0.074" /><testcase classname="tests.app.test_gateway_budget" name="test_live_gate_no_http[change3]" time="0.071" /><testcase classname="tests.app.test_gateway_budget" name="test_live_gate_no_http[change4]" time="0.084" /><testcase classname="tests.app.test_gateway_budget" name="test_live_gate_no_http[change5]" time="0.060" /><testcase classname="tests.app.test_gateway_budget" name="test_budget_blocks_before_http" time="0.062" /><testcase classname="tests.app.test_gateway_budget" name="test_timeout_no_retry_retains_reservation" time="0.069" /><testcase classname="tests.app.test_gateway_budget" name="test_invalid_response_not_published[no_usage]" time="0.063" /><testcase classname="tests.app.test_gateway_budget" name="test_invalid_response_not_published[truncated]" time="0.065" /><testcase classname="tests.app.test_gateway_budget" name="test_invalid_response_not_published[bad_json]" time="0.070" /><testcase classname="tests.app.test_gateway_budget" name="test_invalid_response_not_published[invented_evidence]" time="0.081" /><testcase classname="tests.app.test_gateway_budget" name="test_invalid_response_not_published[extra_review_field]" time="0.071" /><testcase classname="tests.app.test_gateway_budget" name="test_persistent_budget_and_settlement_idempotency" time="0.072" /><testcase classname="tests.app.test_gateway_budget" name="test_budget_race_only_one_large_reservation" time="0.097" /><testcase classname="tests.app.test_gateway_budget" name="test_overage_freezes_account" time="0.069" /><testcase classname="tests.app.test_gateway_budget" name="test_deadline_stops_new_billable_work" time="0.078" /><testcase classname="tests.app.test_gateway_budget" name="test_property_without_evidence_is_rejected" time="0.076" /><testcase classname="tests.app.test_gateway_budget" name="test_unexpected_reasoning_pauses_after_accounting" time="0.090" /><testcase classname="tests.app.test_parsers" name="test_revision_only_internal[Revision Date: 2026-08-01-2026-08-01]" time="0.001" /><testcase classname="tests.app.test_parsers" name="test_revision_only_internal[Upload Date: 2026-08-01-None]" time="0.001" /><testcase classname="tests.app.test_parsers" name="test_revision_only_internal[Revision Date: 2026-02-30-None]" time="0.001" /><testcase classname="tests.app.test_parsers" name="test_revision_only_internal[Revision Date: 2026-01-01\nRevision Date: 2026-02-01-None]" time="0.001" /><testcase classname="tests.app.test_parsers" name="test_revision_only_internal[\u4fee\u8ba2\u65e5\u671f\uff1a2026-07-02-2026-07-02]" time="0.001" /><testcase classname="tests.app.test_parsers" name="test_revision_only_internal[2026-08-01-None]" time="0.001" /><testcase classname="tests.app.test_parsers" name="test_txt_lines_and_encoding" time="0.003" /><testcase classname="tests.app.test_parsers" name="test_txt_long_no_drop" time="0.002" /><testcase classname="tests.app.test_parsers" name="test_docx_minimal" time="0.003" /><testcase classname="tests.app.test_parsers" name="test_docx_entity_rejected" time="0.002" /><testcase classname="tests.app.test_parsers" name="test_image_pending" time="0.009" /><testcase classname="tests.app.test_parsers" name="test_pdf_text_and_bbox" time="0.136" /><testcase classname="tests.test_contracts" name="test_positive_examples[case0]" time="0.004" /><testcase classname="tests.test_contracts" name="test_positive_examples[case1]" time="0.004" /><testcase classname="tests.test_contracts" name="test_positive_examples[case2]" time="0.003" /><testcase classname="tests.test_contracts" name="test_positive_examples[case3]" time="0.003" /><testcase classname="tests.test_contracts" name="test_positive_examples[case4]" time="0.003" /><testcase classname="tests.test_contracts" name="test_positive_examples[case5]" time="0.002" /><testcase classname="tests.test_contracts" name="test_positive_examples[case6]" time="0.003" /><testcase classname="tests.test_contracts" name="test_positive_examples[case7]" time="0.002" /><testcase classname="tests.test_contracts" name="test_business_positive[material-material-item]" time="0.003" /><testcase classname="tests.test_contracts" name="test_business_positive[material-options-material-item]" time="0.004" /><testcase classname="tests.test_contracts" name="test_business_positive[inspection-inspection-item]" time="0.003" /><testcase classname="tests.test_contracts" name="test_business_positive[conflict-conflict-item]" time="0.003" /><testcase classname="tests.test_contracts" name="test_business_positive[missing-missing-information-item]" time="0.002" /><testcase classname="tests.test_contracts" name="test_confirmed_without_evidence_rejected[material-material-item]" time="0.003" /><testcase classname="tests.test_contracts" name="test_confirmed_without_evidence_rejected[inspection-inspection-item]" time="0.003" /><testcase classname="tests.test_contracts" name="test_model_cannot_write_server_fields[review_status-ACCEPTED]" time="0.178" /><testcase classname="tests.test_contracts" name="test_model_cannot_write_server_fields[analysis_run_id-FAKE]" time="0.003" /><testcase classname="tests.test_contracts" name="test_model_cannot_write_server_fields[model_id-fake]" time="0.003" /><testcase classname="tests.test_contracts" name="test_model_cannot_write_server_fields[meta-value3]" time="0.003" /><testcase classname="tests.test_contracts" name="test_conditional_without_condition_rejected" time="0.003" /><testcase classname="tests.test_contracts" name="test_inferred_requires_rule" time="0.005" /><testcase classname="tests.test_contracts" name="test_fabricated_evidence_rejected" time="0.003" /><testcase classname="tests.test_contracts" name="test_cross_scope_evidence_rejected[tenant_id]" time="0.003" /><testcase classname="tests.test_contracts" name="test_cross_scope_evidence_rejected[project_id]" time="0.003" /><testcase classname="tests.test_contracts" name="test_cross_scope_evidence_rejected[input_snapshot_id]" time="0.003" /><testcase classname="tests.test_contracts" name="test_options_not_automatically_selected" time="0.004" /><testcase classname="tests.test_contracts" name="test_one_of_cannot_select_multiple" time="0.003" /><testcase classname="tests.test_contracts" name="test_selected_id_must_exist" time="0.004" /><testcase classname="tests.test_contracts" name="test_selected_requires_document_selection" time="0.006" /><testcase classname="tests.test_contracts" name="test_option_fields_need_field_sources" time="0.003" /><testcase classname="tests.test_contracts" name="test_quantity_explicit_needs_no_scale" time="0.003" /><testcase classname="tests.test_contracts" name="test_geometric_quantity_needs_calibration_and_formula[VECTOR_TAKEOFF]" time="0.005" /><testcase classname="tests.test_contracts" name="test_geometric_quantity_needs_calibration_and_formula[CAD_MEASUREMENT]" time="0.005" /><testcase classname="tests.test_contracts" name="test_geometric_quantity_needs_calibration_and_formula[IMAGE_CALIBRATED]" time="0.005" /><testcase classname="tests.test_contracts" name="test_procurement_quantity_not_allowed" time="0.002" /><testcase classname="tests.test_contracts" name="test_temporary_quantity_not_requested" time="0.005" /><testcase classname="tests.test_contracts" name="test_qa_criteria_needs_specific_evidence" time="0.003" /><testcase classname="tests.test_contracts" name="test_nonblocking_missing_not_allowed" time="0.002" /><testcase classname="tests.test_contracts" name="test_latest_selected_cannot_be_old" time="0.003" /><testcase classname="tests.test_contracts" name="test_conflict_different_scope_not_allowed" time="0.002" /><testcase classname="tests.test_contracts" name="test_empty_extraction_must_explain" time="0.002" /><testcase classname="tests.test_contracts" name="test_server_wrapper_forces_pending" time="0.008" /><testcase classname="tests.test_contracts" name="test_accepted_record_needs_review_event_and_actor" time="0.002" /><testcase classname="tests.test_contracts" name="test_meta_requires_all_versions" time="0.002" /><testcase classname="tests.test_contracts" name="test_model_cannot_forge_revision_date" time="0.003" /><testcase classname="tests.test_contracts" name="test_inferred_status_does_not_allow_fabricated_design_values" time="0.003" /><testcase classname="tests.test_contracts" name="test_source_evidence_schemas" time="0.005" /><testcase classname="tests.test_devtools" name="test_context_pack_is_bounded_and_contains_only_selected_requirements" time="0.002" /><testcase classname="tests.test_devtools" name="test_context_rejects_path_traversal" time="0.000" /><testcase classname="tests.test_devtools" name="test_task_references_have_real_context_files" time="0.004" /><testcase classname="tests.test_devtools" name="test_codex_config_is_small_and_does_not_weaken_security" time="0.001" /><testcase classname="tests.test_governance" name="test_repository_spec_structure" time="0.164" /><testcase classname="tests.test_governance" name="test_rendered_requirements_are_current" time="0.001" /><testcase classname="tests.test_governance" name="test_all_legacy_ids_preserved" time="0.001" /><testcase classname="tests.test_governance" name="test_no_false_implementation_claims" time="0.001" /><testcase classname="tests.test_governance" name="test_prompts_are_real_text_files" time="0.001" /><testcase classname="tests.test_governance" name="test_paid_api_disabled" time="0.001" /><testcase classname="tests.test_governance" name="test_qa_not_inferred_from_assembly" time="0.000" /><testcase classname="tests.test_governance" name="test_yaml_templates_parse" time="0.004" /><testcase classname="tests.test_governance" name="test_change_without_record_fails" time="0.000" /><testcase classname="tests.test_governance" name="test_product_implementation_cannot_claim_spec_only" time="0.002" /><testcase classname="tests.test_governance" name="test_implementation_requires_test_diff_and_trace" time="0.001" /><testcase classname="tests.test_governance" name="test_unknown_requirement_fails" time="0.001" /><testcase classname="tests.test_governance" name="test_valid_spec_change_covers_paths" time="0.001" /><testcase classname="tests.test_policies" name="test_programmatic_zero_llm[hash]" time="0.001" /><testcase classname="tests.test_policies" name="test_programmatic_zero_llm[mime]" time="0.001" /><testcase classname="tests.test_policies" name="test_programmatic_zero_llm[unit_conversion]" time="0.001" /><testcase classname="tests.test_policies" name="test_programmatic_zero_llm[schema_validation]" time="0.001" /><testcase classname="tests.test_policies" name="test_programmatic_zero_llm[exact_identifier]" time="0.001" /><testcase classname="tests.test_policies" name="test_programmatic_zero_llm[quantity_sum]" time="0.001" /><testcase classname="tests.test_policies" name="test_programmatic_zero_llm[export]" time="0.001" /><testcase classname="tests.test_policies" name="test_programmatic_zero_llm[dedup_exact]" time="0.001" /><testcase classname="tests.test_policies" name="test_simple_tasks_nonthinking_flash[classify]" time="0.001" /><testcase classname="tests.test_policies" name="test_simple_tasks_nonthinking_flash[extract_joint]" time="0.001" /><testcase classname="tests.test_policies" name="test_simple_tasks_nonthinking_flash[normalize_ambiguous]" time="0.001" /><testcase classname="tests.test_policies" name="test_simple_tasks_nonthinking_flash[local_verify]" time="0.001" /><testcase classname="tests.test_policies" name="test_cheap_payload_explicitly_disables_thinking" time="0.001" /><testcase classname="tests.test_policies" name="test_missing_evidence_does_not_escalate" time="0.001" /><testcase classname="tests.test_policies" name="test_vision_not_sent_to_text_model" time="0.001" /><testcase classname="tests.test_policies" name="test_reasoning_low_not_automatic_high_model" time="0.001" /><testcase classname="tests.test_policies" name="test_high_model_disabled_even_if_requested" time="0.001" /><testcase classname="tests.test_policies" name="test_call_limit_stops_loop" time="0.000" /><testcase classname="tests.test_policies" name="test_unknown_task_no_autonomous_call" time="0.000" /><testcase classname="tests.test_policies" name="test_output_cap" time="0.001" /><testcase classname="tests.test_policies" name="test_budget_formula_total_output_not_double_count" time="0.000" /><testcase classname="tests.test_policies" name="test_budget_300_hard_dispatch_cap" time="0.000" /><testcase classname="tests.test_policies" name="test_settle_refunds_difference" time="0.000" /><testcase classname="tests.test_policies" name="test_unknown_charge_stays_reserved" time="0.001" /><testcase classname="tests.test_policies" name="test_confirmed_unbilled_can_release" time="0.000" /><testcase classname="tests.test_policies" name="test_idempotent_reserve_and_settle" time="0.000" /><testcase classname="tests.test_policies" name="test_actual_over_estimate_freezes_but_records" time="0.000" /><testcase classname="tests.test_policies" name="test_concurrent_reservations_do_not_oversubscribe" time="0.004" /><testcase classname="tests.test_policies" name="test_revision_uses_internal_date_not_upload" time="0.001" /><testcase classname="tests.test_policies" name="test_uncertain_revision_stays_unresolved[None]" time="0.001" /><testcase classname="tests.test_policies" name="test_uncertain_revision_stays_unresolved[invalid]" time="0.000" /><testcase classname="tests.test_policies" name="test_uncertain_revision_stays_unresolved[2026-01-01]" time="0.000" /><testcase classname="tests.test_policies" name="test_different_scope_not_superseded" time="0.000" /><testcase classname="tests.test_policies" name="test_rfi_question_not_new_requirement" time="0.000" /><testcase classname="tests.test_policies" name="test_revision_sequence_reversal_flagged" time="0.000" /><testcase classname="tests.test_policies" name="test_cache_requires_scope" time="0.001" /><testcase classname="tests.test_policies" name="test_cache_varies_with_scope_and_versions[tenant_id]" time="0.001" /><testcase classname="tests.test_policies" name="test_cache_varies_with_scope_and_versions[project_id]" time="0.001" /><testcase classname="tests.test_policies" name="test_cache_varies_with_scope_and_versions[input_snapshot_id]" time="0.001" /><testcase classname="tests.test_policies" name="test_cache_varies_with_scope_and_versions[prompt_version]" time="0.001" /><testcase classname="tests.test_policies" name="test_cache_varies_with_scope_and_versions[model_snapshot]" time="0.001" /><testcase classname="tests.test_policies" name="test_cache_varies_with_scope_and_versions[retrieval_version]" time="0.001" /><testcase classname="tests.test_policies" name="test_cache_varies_with_scope_and_versions[assembly_rule_version]" time="0.001" /><testcase classname="tests.test_policies" name="test_cache_varies_with_scope_and_versions[revision_policy_version]" time="0.001" /><testcase classname="tests.test_policies" name="test_multiple_views_same_instance_not_double_counted" time="0.001" /><testcase classname="tests.test_policies" name="test_instance_quantity_conflict_does_not_auto_sum" time="0.001" /></testsuite></testsuites>