============================= test session starts ==============================
platform linux -- Python 3.13.5, pytest-9.0.2, pluggy-1.6.0 -- /opt/pyvenv/bin/python
cachedir: .pytest_cache
metadata: {'Python': '3.13.5', 'Platform': 'Linux-6.18.35-x86_64-with-glibc2.41', 'Packages': {'pytest': '9.0.2', 'pluggy': '1.6.0'}, 'Plugins': {'anyio': '4.13.0', 'ddtrace': '4.4.0', 'Faker': '40.1.2', 'asyncio': '1.3.0', 'cov': '7.0.0', 'json-report': '1.5.0', 'metadata': '3.1.1'}, 'PLATFORM': 'linux/amd64', 'CI': 'true'}
rootdir: /mnt/data/cirp_evidence
configfile: pytest.ini
plugins: anyio-4.13.0, ddtrace-4.4.0, Faker-40.1.2, asyncio-1.3.0, cov-7.0.0, json-report-1.5.0, metadata-3.1.1
asyncio: mode=Mode.STRICT, debug=False, asyncio_default_fixture_loop_scope=None, asyncio_default_test_loop_scope=function
collecting ... collected 307 items

tests/app/test_api.py::test_health_and_no_key_exposed PASSED             [  0%]
tests/app/test_api.py::test_invalid_name[] PASSED                        [  0%]
tests/app/test_api.py::test_invalid_name[   ] PASSED                     [  0%]
tests/app/test_api.py::test_extra_fields_rejected PASSED                 [  1%]
tests/app/test_api.py::test_cross_origin_blocked PASSED                  [  1%]
tests/app/test_api.py::test_header_required PASSED                       [  1%]
tests/app/test_api.py::test_resumable_duplicate_and_corrupt_chunk PASSED [  2%]
tests/app/test_api.py::test_upload_limit_and_basename PASSED             [  2%]
tests/app/test_api.py::test_chunk_limit PASSED                           [  2%]
tests/app/test_api.py::test_abort PASSED                                 [  3%]
tests/app/test_api.py::test_empty_project_no_run PASSED                  [  3%]
tests/app/test_api.py::test_one_active_project_and_pause PASSED          [  3%]
tests/app/test_api.py::test_mock_end_to_end_revision_and_export PASSED   [  4%]
tests/app/test_api.py::test_review_and_optimistic_lock PASSED            [  4%]
tests/app/test_api.py::test_edit_validates_evidence_and_keeps_meta PASSED [  4%]
tests/app/test_api.py::test_real_text_not_faked_by_mock PASSED           [  5%]
tests/app/test_api.py::test_unsupported_not_silently_dropped PASSED      [  5%]
tests/app/test_api.py::test_export_formula_injection PASSED              [  5%]
tests/app/test_api.py::test_snapshot_does_not_expand PASSED              [  6%]
tests/app/test_gateway_budget.py::test_cheap_payload_and_cache PASSED    [  6%]
tests/app/test_gateway_budget.py::test_live_gate_no_http[change0] PASSED [  6%]
tests/app/test_gateway_budget.py::test_live_gate_no_http[change1] PASSED [  7%]
tests/app/test_gateway_budget.py::test_live_gate_no_http[change2] PASSED [  7%]
tests/app/test_gateway_budget.py::test_live_gate_no_http[change3] PASSED [  7%]
tests/app/test_gateway_budget.py::test_live_gate_no_http[change4] PASSED [  8%]
tests/app/test_gateway_budget.py::test_live_gate_no_http[change5] PASSED [  8%]
tests/app/test_gateway_budget.py::test_budget_blocks_before_http PASSED  [  8%]
tests/app/test_gateway_budget.py::test_timeout_no_retry_retains_reservation PASSED [  9%]
tests/app/test_gateway_budget.py::test_invalid_response_not_published[no_usage] PASSED [  9%]
tests/app/test_gateway_budget.py::test_invalid_response_not_published[truncated] PASSED [  9%]
tests/app/test_gateway_budget.py::test_invalid_response_not_published[bad_json] PASSED [ 10%]
tests/app/test_gateway_budget.py::test_invalid_response_not_published[invented_evidence] PASSED [ 10%]
tests/app/test_gateway_budget.py::test_invalid_response_not_published[extra_review_field] PASSED [ 10%]
tests/app/test_gateway_budget.py::test_persistent_budget_and_settlement_idempotency PASSED [ 11%]
tests/app/test_gateway_budget.py::test_budget_race_only_one_large_reservation PASSED [ 11%]
tests/app/test_gateway_budget.py::test_overage_freezes_account PASSED    [ 11%]
tests/app/test_gateway_budget.py::test_deadline_stops_new_billable_work PASSED [ 12%]
tests/app/test_gateway_budget.py::test_property_without_evidence_is_rejected PASSED [ 12%]
tests/app/test_gateway_budget.py::test_unexpected_reasoning_pauses_after_accounting PASSED [ 12%]
tests/app/test_local_entry.py::test_mock_ignores_env_and_does_not_read_dotenv PASSED [ 13%]
tests/app/test_local_entry.py::test_live_requires_complete_configuration PASSED [ 13%]
tests/app/test_local_entry.py::test_live_uses_existing_config_but_binds_local PASSED [ 13%]
tests/app/test_local_entry.py::test_invalid_ports[0] PASSED              [ 14%]
tests/app/test_local_entry.py::test_invalid_ports[80] PASSED             [ 14%]
tests/app/test_local_entry.py::test_invalid_ports[1023] PASSED           [ 14%]
tests/app/test_local_entry.py::test_invalid_ports[65536] PASSED          [ 14%]
tests/app/test_local_entry.py::test_invalid_ports[-1] PASSED             [ 15%]
tests/app/test_local_entry.py::test_port_busy_never_terminates_owner PASSED [ 15%]
tests/app/test_local_entry.py::test_local_command_safe_defaults PASSED   [ 15%]
tests/app/test_local_entry.py::test_remote_command_uses_separate_port PASSED [ 16%]
tests/app/test_local_entry.py::test_bad_combination_rejected_before_install[kw0] PASSED [ 16%]
tests/app/test_local_entry.py::test_bad_combination_rejected_before_install[kw1] PASSED [ 16%]
tests/app/test_local_entry.py::test_bad_combination_rejected_before_install[kw2] PASSED [ 17%]
tests/app/test_local_entry.py::test_no_implicit_install_in_current_env PASSED [ 17%]
tests/app/test_local_entry.py::test_install_failure_not_marked_success PASSED [ 17%]
tests/app/test_local_entry.py::test_unchanged_install_skips_pip PASSED   [ 18%]
tests/app/test_local_entry.py::test_default_root_relative_to_script_not_working_directory PASSED [ 18%]
tests/app/test_parsers.py::test_revision_only_internal[Revision Date: 2026-08-01-2026-08-01] PASSED [ 18%]
tests/app/test_parsers.py::test_revision_only_internal[Upload Date: 2026-08-01-None] PASSED [ 19%]
tests/app/test_parsers.py::test_revision_only_internal[Revision Date: 2026-02-30-None] PASSED [ 19%]
tests/app/test_parsers.py::test_revision_only_internal[Revision Date: 2026-01-01\nRevision Date: 2026-02-01-None] PASSED [ 19%]
tests/app/test_parsers.py::test_revision_only_internal[\u4fee\u8ba2\u65e5\u671f\uff1a2026-07-02-2026-07-02] PASSED [ 20%]
tests/app/test_parsers.py::test_revision_only_internal[2026-08-01-None] PASSED [ 20%]
tests/app/test_parsers.py::test_txt_lines_and_encoding PASSED            [ 20%]
tests/app/test_parsers.py::test_txt_long_no_drop PASSED                  [ 21%]
tests/app/test_parsers.py::test_docx_minimal PASSED                      [ 21%]
tests/app/test_parsers.py::test_docx_entity_rejected PASSED              [ 21%]
tests/app/test_parsers.py::test_image_pending PASSED                     [ 22%]
tests/app/test_parsers.py::test_pdf_text_and_bbox PASSED                 [ 22%]
tests/app/test_remote_access.py::test_no_password_fails_closed PASSED    [ 22%]
tests/app/test_remote_access.py::test_wildcard_fails_closed PASSED       [ 23%]
tests/app/test_remote_access.py::test_paid_or_weak_origin_rejected[kwargs0] PASSED [ 23%]
tests/app/test_remote_access.py::test_paid_or_weak_origin_rejected[kwargs1] PASSED [ 23%]
tests/app/test_remote_access.py::test_paid_or_weak_origin_rejected[kwargs2] PASSED [ 24%]
tests/app/test_remote_access.py::test_all_paths_need_auth[/] PASSED      [ 24%]
tests/app/test_remote_access.py::test_all_paths_need_auth[/assets/app.js] PASSED [ 24%]
tests/app/test_remote_access.py::test_all_paths_need_auth[/api/settings] PASSED [ 25%]
tests/app/test_remote_access.py::test_all_paths_need_auth[/api/projects] PASSED [ 25%]
tests/app/test_remote_access.py::test_all_paths_need_auth[/docs] PASSED  [ 25%]
tests/app/test_remote_access.py::test_all_paths_need_auth[/openapi.json] PASSED [ 26%]
tests/app/test_remote_access.py::test_bad_auth[Bearer anything] PASSED   [ 26%]
tests/app/test_remote_access.py::test_bad_auth[Basic $$$$] PASSED        [ 26%]
tests/app/test_remote_access.py::test_bad_auth[Basic /w==] PASSED        [ 27%]
tests/app/test_remote_access.py::test_bad_auth[Basic ZW5naW5lZXI6d3Jvbmc=] PASSED [ 27%]
tests/app/test_remote_access.py::test_valid_auth_and_no_secret_leak PASSED [ 27%]
tests/app/test_remote_access.py::test_origin_key_only_for_api PASSED     [ 28%]
tests/app/test_remote_access.py::test_remote_csrf_and_host PASSED        [ 28%]
tests/app/test_remote_access.py::test_invalid_auth_rate_limit_but_owner_can_enter PASSED [ 28%]
tests/app/test_remote_access.py::test_remote_demo_workflow PASSED        [ 28%]
tests/app/test_remote_access.py::test_launcher_forces_mock PASSED        [ 29%]
tests/app/test_remote_access.py::test_tunnel_url_validation PASSED       [ 29%]
tests/app/test_remote_access.py::test_pages_build_contains_only_allowlist PASSED [ 29%]
tests/app/test_remote_access.py::test_fail_closed_api_configures_only_named_preview PASSED [ 30%]
tests/app/test_remote_access.py::test_fail_closed_noninteractive_without_credentials_stops PASSED [ 30%]
tests/app/test_remote_access.py::test_pages_sequence_and_no_secrets_in_assets PASSED [ 30%]
tests/app/test_remote_access.py::test_tunnel_host_rewrite_accepts_only_explicit_public_origin PASSED [ 31%]
tests/app/test_render_preview.py::test_invalid_host_rejected[] PASSED    [ 31%]
tests/app/test_render_preview.py::test_invalid_host_rejected[*.onrender.com] PASSED [ 31%]
tests/app/test_render_preview.py::test_invalid_host_rejected[example.com] PASSED [ 32%]
tests/app/test_render_preview.py::test_invalid_host_rejected[x.onrender.com.evil.test] PASSED [ 32%]
tests/app/test_render_preview.py::test_invalid_host_rejected[https://x.onrender.com] PASSED [ 32%]
tests/app/test_render_preview.py::test_invalid_host_rejected[x.onrender.com:443] PASSED [ 33%]
tests/app/test_render_preview.py::test_invalid_host_rejected[x.onrender.com/path] PASSED [ 33%]
tests/app/test_render_preview.py::test_missing_or_weak_password_rejected[] PASSED [ 33%]
tests/app/test_render_preview.py::test_missing_or_weak_password_rejected[short] PASSED [ 34%]
tests/app/test_render_preview.py::test_no_production_settings_inherited PASSED [ 34%]
tests/app/test_render_preview.py::test_profile_invariants[change0] PASSED [ 34%]
tests/app/test_render_preview.py::test_profile_invariants[change1] PASSED [ 35%]
tests/app/test_render_preview.py::test_profile_invariants[change2] PASSED [ 35%]
tests/app/test_render_preview.py::test_profile_invariants[change3] PASSED [ 35%]
tests/app/test_render_preview.py::test_profile_invariants[change4] PASSED [ 36%]
tests/app/test_render_preview.py::test_public_health_only_and_host PASSED [ 36%]
tests/app/test_render_preview.py::test_local_does_not_gain_public_health PASSED [ 36%]
tests/app/test_render_preview.py::test_authenticated_demo_upload_limit_and_secret_safety PASSED [ 37%]
tests/app/test_render_preview.py::test_invalid_port[x] PASSED            [ 37%]
tests/app/test_render_preview.py::test_invalid_port[-1] PASSED           [ 37%]
tests/app/test_render_preview.py::test_invalid_port[0] PASSED            [ 38%]
tests/app/test_render_preview.py::test_invalid_port[80] PASSED           [ 38%]
tests/app/test_render_preview.py::test_invalid_port[65536] PASSED        [ 38%]
tests/app/test_render_preview.py::test_invalid_port[18012] PASSED        [ 39%]
tests/app/test_render_preview.py::test_invalid_port[18013] PASSED        [ 39%]
tests/app/test_render_preview.py::test_invalid_port[19099] PASSED        [ 39%]
tests/app/test_render_preview.py::test_port_defaults_and_boundaries PASSED [ 40%]
tests/app/test_render_preview.py::test_blueprint_only_explicit_free_service PASSED [ 40%]
tests/app/test_render_preview.py::test_ui_discloses_ephemeral_and_has_demo_links PASSED [ 40%]
tests/app/test_verification.py::test_exact_slice_and_unicode_offsets[Revision: 2\nConcrete shall be 5000 psi. Steel is Grade 60.-5000] PASSED [ 41%]
tests/app/test_verification.py::test_exact_slice_and_unicode_offsets[\u8bbe\u5907\u5e94\u4f7f\u7528316\u4e0d\u9508\u94a2\u3002\u652f\u6491\u4e0d\u5f97\u4f7f\u7528\u6728\u6750\u3002-316] PASSED [ 41%]
tests/app/test_verification.py::test_exact_slice_and_unicode_offsets[\U0001f30f Valve body shall be 316 SS.\nAnother line.-316] PASSED [ 41%]
tests/app/test_verification.py::test_exact_slice_and_unicode_offsets[Use 1.5 inch pipe. Do not use copper.-1.5] PASSED [ 42%]
tests/app/test_verification.py::test_false_quotes_rejected[304 stainless steel] PASSED [ 42%]
tests/app/test_verification.py::test_false_quotes_rejected[] PASSED      [ 42%]
tests/app/test_verification.py::test_false_quotes_rejected[The valve body shall be 316 stainless steel!] PASSED [ 42%]
tests/app/test_verification.py::test_duplicate_sentence_requires_unambiguous_quote PASSED [ 43%]
tests/app/test_verification.py::test_invalid_span_rejected[0-999] PASSED [ 43%]
tests/app/test_verification.py::test_invalid_span_rejected[-1-4] PASSED  [ 43%]
tests/app/test_verification.py::test_invalid_span_rejected[4-4] PASSED   [ 44%]
tests/app/test_verification.py::test_invalid_span_rejected[1.0-5] PASSED [ 44%]
tests/app/test_verification.py::test_invalid_span_rejected[True-4] PASSED [ 44%]
tests/app/test_verification.py::test_pdf_text_map_coordinates PASSED     [ 45%]
tests/app/test_verification.py::test_literal_mismatch_is_never_self_verified PASSED [ 45%]
tests/app/test_verification.py::test_valid_semantic_result_preserves_server_quote PASSED [ 45%]
tests/app/test_verification.py::test_bad_verifier_output_rejected_atomically[missing] PASSED [ 46%]
tests/app/test_verification.py::test_bad_verifier_output_rejected_atomically[duplicate] PASSED [ 46%]
tests/app/test_verification.py::test_bad_verifier_output_rejected_atomically[foreign] PASSED [ 46%]
tests/app/test_verification.py::test_bad_verifier_output_rejected_atomically[invented_quote] PASSED [ 47%]
tests/app/test_verification.py::test_bad_verifier_output_rejected_atomically[no_support] PASSED [ 47%]
tests/app/test_verification.py::test_bad_verifier_output_rejected_atomically[no_contradiction] PASSED [ 47%]
tests/app/test_verification.py::test_bad_verifier_output_rejected_atomically[both] PASSED [ 48%]
tests/app/test_verification.py::test_bad_verifier_output_rejected_atomically[review_field] PASSED [ 48%]
tests/app/test_verification.py::test_contradiction_has_two_distinct_states PASSED [ 48%]
tests/app/test_verification.py::test_report_status[states0-PENDING] PASSED [ 49%]
tests/app/test_verification.py::test_report_status[states1-NON_DOCUMENT] PASSED [ 49%]
tests/app/test_verification.py::test_report_status[states2-PARTIAL] PASSED [ 49%]
tests/app/test_verification.py::test_report_status[states3-SUPPORTED] PASSED [ 50%]
tests/app/test_verification.py::test_report_status[states4-CONTRADICTED] PASSED [ 50%]
tests/app/test_verification.py::test_report_status[states5-UNSUPPORTED] PASSED [ 50%]
tests/app/test_verification.py::test_every_output_has_report_no_fake_mock_pass PASSED [ 51%]
tests/app/test_verification.py::test_exact_citation_endpoint_and_read_has_no_model_call PASSED [ 51%]
tests/app/test_verification.py::test_edit_invalidation_reuses_unchanged_fields PASSED [ 51%]
tests/app/test_verification.py::test_stale_hash_never_displayed_as_supported PASSED [ 52%]
tests/app/test_verification.py::test_changed_source_invalidates_verification PASSED [ 52%]
tests/app/test_verification.py::test_mock_semantic_button_cannot_trigger_paid_call PASSED [ 52%]
tests/app/test_verification.py::test_export_contains_field_citations_internal_links PASSED [ 53%]
tests/app/test_verification.py::test_rejected_item_not_in_reviewed_only_export PASSED [ 53%]
tests/app/test_verification.py::test_additive_migration_keeps_legacy_budget PASSED [ 53%]
tests/app/test_verification.py::test_verifier_non_thinking_budget_and_cache PASSED [ 54%]
tests/app/test_verification.py::test_no_http_when_not_authorized_or_no_capacity[budget] PASSED [ 54%]
tests/app/test_verification.py::test_no_http_when_not_authorized_or_no_capacity[disabled] PASSED [ 54%]
tests/app/test_verification.py::test_no_http_when_not_authorized_or_no_capacity[oversized] PASSED [ 55%]
tests/app/test_verification.py::test_verifier_failure_never_repeats_silently[timeout] PASSED [ 55%]
tests/app/test_verification.py::test_verifier_failure_never_repeats_silently[usage] PASSED [ 55%]
tests/app/test_verification.py::test_verifier_failure_never_repeats_silently[truncated] PASSED [ 56%]
tests/app/test_verification.py::test_verifier_failure_never_repeats_silently[bad_quote] PASSED [ 56%]
tests/app/test_verification.py::test_verifier_failure_never_repeats_silently[thinking] PASSED [ 56%]
tests/app/test_verification.py::test_missing_search_basis_does_not_invent_sentence PASSED [ 57%]
tests/app/test_verification.py::test_citation_xss_preserved_as_text_and_not_generated_html PASSED [ 57%]
tests/app/test_verification.py::test_persistent_job_can_verify_finished_run_without_changing_review PASSED [ 57%]
tests/app/test_verification.py::test_new_analysis_blocked_while_verification_queued PASSED [ 57%]
tests/app/test_verification.py::test_stale_job_does_not_make_model_call PASSED [ 58%]
tests/app/test_verification.py::test_expired_run_no_semantic_job PASSED  [ 58%]
tests/app/test_verification.py::test_job_budget_exhaustion_retains_citations PASSED [ 58%]
tests/app/test_verification.py::test_pdf_preview_matches_source_and_blocks_modified_file PASSED [ 59%]
tests/app/test_verification.py::test_inferred_items_cite_trigger_not_fabricated_design PASSED [ 59%]
tests/app/test_verification.py::test_remote_verification_endpoints_still_require_auth PASSED [ 59%]
tests/app/test_verification.py::test_supported_cache_invalidates_on_model_change PASSED [ 60%]
tests/app/test_verification.py::test_report_saves_verifier_prompt_identity PASSED [ 60%]
tests/app/test_verification.py::test_model_cache_keeps_original_billing_reference PASSED [ 60%]
tests/app/test_verification.py::test_support_notes_never_implicitly_verified PASSED [ 61%]
tests/test_contracts.py::test_positive_examples[case0] PASSED            [ 61%]
tests/test_contracts.py::test_positive_examples[case1] PASSED            [ 61%]
tests/test_contracts.py::test_positive_examples[case2] PASSED            [ 62%]
tests/test_contracts.py::test_positive_examples[case3] PASSED            [ 62%]
tests/test_contracts.py::test_positive_examples[case4] PASSED            [ 62%]
tests/test_contracts.py::test_positive_examples[case5] PASSED            [ 63%]
tests/test_contracts.py::test_positive_examples[case6] PASSED            [ 63%]
tests/test_contracts.py::test_positive_examples[case7] PASSED            [ 63%]
tests/test_contracts.py::test_business_positive[material-material-item] PASSED [ 64%]
tests/test_contracts.py::test_business_positive[material-options-material-item] PASSED [ 64%]
tests/test_contracts.py::test_business_positive[inspection-inspection-item] PASSED [ 64%]
tests/test_contracts.py::test_business_positive[conflict-conflict-item] PASSED [ 65%]
tests/test_contracts.py::test_business_positive[missing-missing-information-item] PASSED [ 65%]
tests/test_contracts.py::test_confirmed_without_evidence_rejected[material-material-item] PASSED [ 65%]
tests/test_contracts.py::test_confirmed_without_evidence_rejected[inspection-inspection-item] PASSED [ 66%]
tests/test_contracts.py::test_model_cannot_write_server_fields[review_status-ACCEPTED] PASSED [ 66%]
tests/test_contracts.py::test_model_cannot_write_server_fields[analysis_run_id-FAKE] PASSED [ 66%]
tests/test_contracts.py::test_model_cannot_write_server_fields[model_id-fake] PASSED [ 67%]
tests/test_contracts.py::test_model_cannot_write_server_fields[meta-value3] PASSED [ 67%]
tests/test_contracts.py::test_conditional_without_condition_rejected PASSED [ 67%]
tests/test_contracts.py::test_inferred_requires_rule PASSED              [ 68%]
tests/test_contracts.py::test_fabricated_evidence_rejected PASSED        [ 68%]
tests/test_contracts.py::test_cross_scope_evidence_rejected[tenant_id] PASSED [ 68%]
tests/test_contracts.py::test_cross_scope_evidence_rejected[project_id] PASSED [ 69%]
tests/test_contracts.py::test_cross_scope_evidence_rejected[input_snapshot_id] PASSED [ 69%]
tests/test_contracts.py::test_options_not_automatically_selected PASSED  [ 69%]
tests/test_contracts.py::test_one_of_cannot_select_multiple PASSED       [ 70%]
tests/test_contracts.py::test_selected_id_must_exist PASSED              [ 70%]
tests/test_contracts.py::test_selected_requires_document_selection PASSED [ 70%]
tests/test_contracts.py::test_option_fields_need_field_sources PASSED    [ 71%]
tests/test_contracts.py::test_quantity_explicit_needs_no_scale PASSED    [ 71%]
tests/test_contracts.py::test_geometric_quantity_needs_calibration_and_formula[VECTOR_TAKEOFF] PASSED [ 71%]
tests/test_contracts.py::test_geometric_quantity_needs_calibration_and_formula[CAD_MEASUREMENT] PASSED [ 71%]
tests/test_contracts.py::test_geometric_quantity_needs_calibration_and_formula[IMAGE_CALIBRATED] PASSED [ 72%]
tests/test_contracts.py::test_procurement_quantity_not_allowed PASSED    [ 72%]
tests/test_contracts.py::test_temporary_quantity_not_requested PASSED    [ 72%]
tests/test_contracts.py::test_qa_criteria_needs_specific_evidence PASSED [ 73%]
tests/test_contracts.py::test_nonblocking_missing_not_allowed PASSED     [ 73%]
tests/test_contracts.py::test_latest_selected_cannot_be_old PASSED       [ 73%]
tests/test_contracts.py::test_conflict_different_scope_not_allowed PASSED [ 74%]
tests/test_contracts.py::test_empty_extraction_must_explain PASSED       [ 74%]
tests/test_contracts.py::test_server_wrapper_forces_pending PASSED       [ 74%]
tests/test_contracts.py::test_accepted_record_needs_review_event_and_actor PASSED [ 75%]
tests/test_contracts.py::test_meta_requires_all_versions PASSED          [ 75%]
tests/test_contracts.py::test_model_cannot_forge_revision_date PASSED    [ 75%]
tests/test_contracts.py::test_inferred_status_does_not_allow_fabricated_design_values PASSED [ 76%]
tests/test_contracts.py::test_source_evidence_schemas PASSED             [ 76%]
tests/test_devtools.py::test_context_pack_is_bounded_and_contains_only_selected_requirements PASSED [ 76%]
tests/test_devtools.py::test_context_rejects_path_traversal PASSED       [ 77%]
tests/test_devtools.py::test_task_references_have_real_context_files PASSED [ 77%]
tests/test_devtools.py::test_codex_config_is_small_and_does_not_weaken_security PASSED [ 77%]
tests/test_governance.py::test_repository_spec_structure PASSED          [ 78%]
tests/test_governance.py::test_rendered_requirements_are_current PASSED  [ 78%]
tests/test_governance.py::test_all_legacy_ids_preserved PASSED           [ 78%]
tests/test_governance.py::test_no_false_implementation_claims PASSED     [ 79%]
tests/test_governance.py::test_prompts_are_real_text_files PASSED        [ 79%]
tests/test_governance.py::test_paid_api_disabled PASSED                  [ 79%]
tests/test_governance.py::test_qa_not_inferred_from_assembly PASSED      [ 80%]
tests/test_governance.py::test_yaml_templates_parse PASSED               [ 80%]
tests/test_governance.py::test_change_without_record_fails PASSED        [ 80%]
tests/test_governance.py::test_product_implementation_cannot_claim_spec_only PASSED [ 81%]
tests/test_governance.py::test_implementation_requires_test_diff_and_trace PASSED [ 81%]
tests/test_governance.py::test_unknown_requirement_fails PASSED          [ 81%]
tests/test_governance.py::test_valid_spec_change_covers_paths PASSED     [ 82%]
tests/test_policies.py::test_programmatic_zero_llm[hash] PASSED          [ 82%]
tests/test_policies.py::test_programmatic_zero_llm[mime] PASSED          [ 82%]
tests/test_policies.py::test_programmatic_zero_llm[unit_conversion] PASSED [ 83%]
tests/test_policies.py::test_programmatic_zero_llm[schema_validation] PASSED [ 83%]
tests/test_policies.py::test_programmatic_zero_llm[exact_identifier] PASSED [ 83%]
tests/test_policies.py::test_programmatic_zero_llm[quantity_sum] PASSED  [ 84%]
tests/test_policies.py::test_programmatic_zero_llm[export] PASSED        [ 84%]
tests/test_policies.py::test_programmatic_zero_llm[dedup_exact] PASSED   [ 84%]
tests/test_policies.py::test_simple_tasks_nonthinking_flash[classify] PASSED [ 85%]
tests/test_policies.py::test_simple_tasks_nonthinking_flash[extract_joint] PASSED [ 85%]
tests/test_policies.py::test_simple_tasks_nonthinking_flash[normalize_ambiguous] PASSED [ 85%]
tests/test_policies.py::test_simple_tasks_nonthinking_flash[local_verify] PASSED [ 85%]
tests/test_policies.py::test_cheap_payload_explicitly_disables_thinking PASSED [ 86%]
tests/test_policies.py::test_missing_evidence_does_not_escalate PASSED   [ 86%]
tests/test_policies.py::test_vision_not_sent_to_text_model PASSED        [ 86%]
tests/test_policies.py::test_reasoning_low_not_automatic_high_model PASSED [ 87%]
tests/test_policies.py::test_high_model_disabled_even_if_requested PASSED [ 87%]
tests/test_policies.py::test_call_limit_stops_loop PASSED                [ 87%]
tests/test_policies.py::test_unknown_task_no_autonomous_call PASSED      [ 88%]
tests/test_policies.py::test_output_cap PASSED                           [ 88%]
tests/test_policies.py::test_budget_formula_total_output_not_double_count PASSED [ 88%]
tests/test_policies.py::test_budget_300_hard_dispatch_cap PASSED         [ 89%]
tests/test_policies.py::test_settle_refunds_difference PASSED            [ 89%]
tests/test_policies.py::test_unknown_charge_stays_reserved PASSED        [ 89%]
tests/test_policies.py::test_confirmed_unbilled_can_release PASSED       [ 90%]
tests/test_policies.py::test_idempotent_reserve_and_settle PASSED        [ 90%]
tests/test_policies.py::test_actual_over_estimate_freezes_but_records PASSED [ 90%]
tests/test_policies.py::test_concurrent_reservations_do_not_oversubscribe PASSED [ 91%]
tests/test_policies.py::test_revision_uses_internal_date_not_upload PASSED [ 91%]
tests/test_policies.py::test_uncertain_revision_stays_unresolved[None] PASSED [ 91%]
tests/test_policies.py::test_uncertain_revision_stays_unresolved[invalid] PASSED [ 92%]
tests/test_policies.py::test_uncertain_revision_stays_unresolved[2026-01-01] PASSED [ 92%]
tests/test_policies.py::test_different_scope_not_superseded PASSED       [ 92%]
tests/test_policies.py::test_rfi_question_not_new_requirement PASSED     [ 93%]
tests/test_policies.py::test_revision_sequence_reversal_flagged PASSED   [ 93%]
tests/test_policies.py::test_cache_requires_scope PASSED                 [ 93%]
tests/test_policies.py::test_cache_varies_with_scope_and_versions[tenant_id] PASSED [ 94%]
tests/test_policies.py::test_cache_varies_with_scope_and_versions[project_id] PASSED [ 94%]
tests/test_policies.py::test_cache_varies_with_scope_and_versions[input_snapshot_id] PASSED [ 94%]
tests/test_policies.py::test_cache_varies_with_scope_and_versions[prompt_version] PASSED [ 95%]
tests/test_policies.py::test_cache_varies_with_scope_and_versions[model_snapshot] PASSED [ 95%]
tests/test_policies.py::test_cache_varies_with_scope_and_versions[retrieval_version] PASSED [ 95%]
tests/test_policies.py::test_cache_varies_with_scope_and_versions[assembly_rule_version] PASSED [ 96%]
tests/test_policies.py::test_cache_varies_with_scope_and_versions[revision_policy_version] PASSED [ 96%]
tests/test_policies.py::test_multiple_views_same_instance_not_double_counted PASSED [ 96%]
tests/test_policies.py::test_instance_quantity_conflict_does_not_auto_sum PASSED [ 97%]
tests/web/test_display_contract.py::test_localization_resource_served_in_original_application PASSED [ 97%]
tests/web/test_display_contract.py::test_display_switch_does_not_add_backend_locale_fields PASSED [ 97%]
tests/web/test_display_contract.py::test_language_controls_are_accessible_and_do_not_submit_form_values PASSED [ 98%]
tests/web/test_display_contract.py::test_original_actions_and_input_constraints_remain_present PASSED [ 98%]
tests/web/test_display_contract.py::test_pages_bundle_includes_localization_without_private_files PASSED [ 98%]
tests/web/test_display_contract.py::test_existing_request_headers_and_export_path_are_preserved[headers={'X-CIRP-Client':'browser'}] PASSED [ 99%]
tests/web/test_display_contract.py::test_existing_request_headers_and_export_path_are_preserved['X-CIRP-Client':'browser'] PASSED [ 99%]
tests/web/test_display_contract.py::test_existing_request_headers_and_export_path_are_preserved[/exports/${fmt}] PASSED [ 99%]
tests/web/test_display_contract.py::test_current_version_is_supported_by_record_and_change_metadata PASSED [100%]

--- generated xml file: /mnt/data/cirp_evidence/reports/evidence/pytest.xml ----
============================= 307 passed in 54.33s =============================
